java.class.path: /home/sandeep/tools/idea/bin/../lib/bootstrap.jar:/home/sandeep/tools/idea/bin/../lib/extensions.jar:/home/sandeep/tools/idea/bin/../lib/util.jar:/home/sandeep/tools/idea/bin/../lib/jdom.jar:/home/sandeep/tools/idea/bin/../lib/log4j.jar:/home/sandeep/tools/idea/bin/../lib/trove4j.jar:/home/sandeep/tools/idea/bin/../lib/jna.jar:/usr/lib/jvm/java-7-openjdk-amd64/lib/tools.jar
java.ext.dirs: /usr/lib/jvm/java-7-openjdk-amd64/jre/lib/ext:/usr/java/packages/lib/ext
java.library.path: /home/sandeep/tools/idea/bin::/usr/java/packages/lib/amd64:/usr/lib/x86_64-linux-gnu/jni:/lib/x86_64-linux-gnu:/usr/lib/x86_64-linux-gnu:/usr/lib/jni:/lib:/usr/lib
path.separator: :
[ 621491]   WARN - pl.ExternalResourceManagerImpl - Cannot find standard resource. filename:/META-INF/tapestry_5_0_0.xsd class=class com.intellij.javaee.ResourceRegistrarImpl, classLoader:null 
[WARNING] While downloading org.apache.commons:commons-io:1.3.2
  This artifact has been relocated to commons-io:commons-io:1.3.2.
  https://issues.sonatype.org/browse/MVNCENTRAL-244

[ 634432]   WARN - ellchecker.SpellCheckerManager - Couldn't load dictionary 'actionpack.dic' with loader 'class org.jetbrains.plugins.ruby.spellchecker.dictionary.RubyBundledDictionaryProvider' 
[ 634433]   WARN - ellchecker.SpellCheckerManager - Couldn't load dictionary 'activemodel.dic' with loader 'class org.jetbrains.plugins.ruby.spellchecker.dictionary.RubyBundledDictionaryProvider' 
[ 634433]   WARN - ellchecker.SpellCheckerManager - Couldn't load dictionary 'activerecord.dic' with loader 'class org.jetbrains.plugins.ruby.spellchecker.dictionary.RubyBundledDictionaryProvider' 
[ 634433]   WARN - ellchecker.SpellCheckerManager - Couldn't load dictionary 'activesupport.dic' with loader 'class org.jetbrains.plugins.ruby.spellchecker.dictionary.RubyBundledDictionaryProvider' 
[ 634433]   WARN - ellchecker.SpellCheckerManager - Couldn't load dictionary 'arel.dic' with loader 'class org.jetbrains.plugins.ruby.spellchecker.dictionary.RubyBundledDictionaryProvider' 
[ 634433]   WARN - ellchecker.SpellCheckerManager - Couldn't load dictionary 'authlogic.dic' with loader 'class org.jetbrains.plugins.ruby.spellchecker.dictionary.RubyBundledDictionaryProvider' 
[ 634433]   WARN - ellchecker.SpellCheckerManager - Couldn't load dictionary 'builder.dic' with loader 'class org.jetbrains.plugins.ruby.spellchecker.dictionary.RubyBundledDictionaryProvider' 
[ 634433]   WARN - ellchecker.SpellCheckerManager - Couldn't load dictionary 'bundler.dic' with loader 'class org.jetbrains.plugins.ruby.spellchecker.dictionary.RubyBundledDictionaryProvider' 
[ 634434]   WARN - ellchecker.SpellCheckerManager - Couldn't load dictionary 'capistrano.dic' with loader 'class org.jetbrains.plugins.ruby.spellchecker.dictionary.RubyBundledDictionaryProvider' 
[ 634434]   WARN - ellchecker.SpellCheckerManager - Couldn't load dictionary 'capybara.dic' with loader 'class org.jetbrains.plugins.ruby.spellchecker.dictionary.RubyBundledDictionaryProvider' 
[ 634434]   WARN - ellchecker.SpellCheckerManager - Couldn't load dictionary 'carrierwave.dic' with loader 'class org.jetbrains.plugins.ruby.spellchecker.dictionary.RubyBundledDictionaryProvider' 
[ 634434]   WARN - ellchecker.SpellCheckerManager - Couldn't load dictionary 'chef.dic' with loader 'class org.jetbrains.plugins.ruby.spellchecker.dictionary.RubyBundledDictionaryProvider' 
[ 634434]   WARN - ellchecker.SpellCheckerManager - Couldn't load dictionary 'childprocess.dic' with loader 'class org.jetbrains.plugins.ruby.spellchecker.dictionary.RubyBundledDictionaryProvider' 
[ 634434]   WARN - ellchecker.SpellCheckerManager - Couldn't load dictionary 'cucumber-rails.dic' with loader 'class org.jetbrains.plugins.ruby.spellchecker.dictionary.RubyBundledDictionaryProvider' 
[ 634434]   WARN - ellchecker.SpellCheckerManager - Couldn't load dictionary 'cucumber.dic' with loader 'class org.jetbrains.plugins.ruby.spellchecker.dictionary.RubyBundledDictionaryProvider' 
[ 634434]   WARN - ellchecker.SpellCheckerManager - Couldn't load dictionary 'diff-lcs.dic' with loader 'class org.jetbrains.plugins.ruby.spellchecker.dictionary.RubyBundledDictionaryProvider' 
[ 634435]   WARN - ellchecker.SpellCheckerManager - Couldn't load dictionary 'erubis.dic' with loader 'class org.jetbrains.plugins.ruby.spellchecker.dictionary.RubyBundledDictionaryProvider' 
[ 634435]   WARN - ellchecker.SpellCheckerManager - Couldn't load dictionary 'errno.dic' with loader 'class org.jetbrains.plugins.ruby.spellchecker.dictionary.RubyBundledDictionaryProvider' 
[ 634435]   WARN - ellchecker.SpellCheckerManager - Couldn't load dictionary 'eventmachine.dic' with loader 'class org.jetbrains.plugins.ruby.spellchecker.dictionary.RubyBundledDictionaryProvider' 
[ 634435]   WARN - ellchecker.SpellCheckerManager - Couldn't load dictionary 'factory_girl.dic' with loader 'class org.jetbrains.plugins.ruby.spellchecker.dictionary.RubyBundledDictionaryProvider' 
[ 634435]   WARN - ellchecker.SpellCheckerManager - Couldn't load dictionary 'ffi.dic' with loader 'class org.jetbrains.plugins.ruby.spellchecker.dictionary.RubyBundledDictionaryProvider' 
[ 634435]   WARN - ellchecker.SpellCheckerManager - Couldn't load dictionary 'gherkin.dic' with loader 'class org.jetbrains.plugins.ruby.spellchecker.dictionary.RubyBundledDictionaryProvider' 
[ 634436]   WARN - ellchecker.SpellCheckerManager - Couldn't load dictionary 'haml.dic' with loader 'class org.jetbrains.plugins.ruby.spellchecker.dictionary.RubyBundledDictionaryProvider' 
[ 634436]   WARN - ellchecker.SpellCheckerManager - Couldn't load dictionary 'hashie.dic' with loader 'class org.jetbrains.plugins.ruby.spellchecker.dictionary.RubyBundledDictionaryProvider' 
[ 634436]   WARN - ellchecker.SpellCheckerManager - Couldn't load dictionary 'highline.dic' with loader 'class org.jetbrains.plugins.ruby.spellchecker.dictionary.RubyBundledDictionaryProvider' 
[ 634437]   WARN - ellchecker.SpellCheckerManager - Couldn't load dictionary 'hike.dic' with loader 'class org.jetbrains.plugins.ruby.spellchecker.dictionary.RubyBundledDictionaryProvider' 
[ 634437]   WARN - ellchecker.SpellCheckerManager - Couldn't load dictionary 'hpricot.dic' with loader 'class org.jetbrains.plugins.ruby.spellchecker.dictionary.RubyBundledDictionaryProvider' 
[ 634437]   WARN - ellchecker.SpellCheckerManager - Couldn't load dictionary 'i18n.dic' with loader 'class org.jetbrains.plugins.ruby.spellchecker.dictionary.RubyBundledDictionaryProvider' 
[ 634437]   WARN - ellchecker.SpellCheckerManager - Couldn't load dictionary 'ipaddress.dic' with loader 'class org.jetbrains.plugins.ruby.spellchecker.dictionary.RubyBundledDictionaryProvider' 
[ 634437]   WARN - ellchecker.SpellCheckerManager - Couldn't load dictionary 'journey.dic' with loader 'class org.jetbrains.plugins.ruby.spellchecker.dictionary.RubyBundledDictionaryProvider' 
[ 634437]   WARN - ellchecker.SpellCheckerManager - Couldn't load dictionary 'json.dic' with loader 'class org.jetbrains.plugins.ruby.spellchecker.dictionary.RubyBundledDictionaryProvider' 
[ 634438]   WARN - ellchecker.SpellCheckerManager - Couldn't load dictionary 'mail.dic' with loader 'class org.jetbrains.plugins.ruby.spellchecker.dictionary.RubyBundledDictionaryProvider' 
[ 634438]   WARN - ellchecker.SpellCheckerManager - Couldn't load dictionary 'metaclass.dic' with loader 'class org.jetbrains.plugins.ruby.spellchecker.dictionary.RubyBundledDictionaryProvider' 
[ 634439]   WARN - ellchecker.SpellCheckerManager - Couldn't load dictionary 'mime-types.dic' with loader 'class org.jetbrains.plugins.ruby.spellchecker.dictionary.RubyBundledDictionaryProvider' 
[ 634439]   WARN - ellchecker.SpellCheckerManager - Couldn't load dictionary 'mixlib-authentication.dic' with loader 'class org.jetbrains.plugins.ruby.spellchecker.dictionary.RubyBundledDictionaryProvider' 
[ 634439]   WARN - ellchecker.SpellCheckerManager - Couldn't load dictionary 'mixlib-shellout.dic' with loader 'class org.jetbrains.plugins.ruby.spellchecker.dictionary.RubyBundledDictionaryProvider' 
[ 634439]   WARN - ellchecker.SpellCheckerManager - Couldn't load dictionary 'mocha.dic' with loader 'class org.jetbrains.plugins.ruby.spellchecker.dictionary.RubyBundledDictionaryProvider' 
[ 634439]   WARN - ellchecker.SpellCheckerManager - Couldn't load dictionary 'multi_json.dic' with loader 'class org.jetbrains.plugins.ruby.spellchecker.dictionary.RubyBundledDictionaryProvider' 
[ 634440]   WARN - ellchecker.SpellCheckerManager - Couldn't load dictionary 'mustache.dic' with loader 'class org.jetbrains.plugins.ruby.spellchecker.dictionary.RubyBundledDictionaryProvider' 
[ 634440]   WARN - ellchecker.SpellCheckerManager - Couldn't load dictionary 'net-sftp.dic' with loader 'class org.jetbrains.plugins.ruby.spellchecker.dictionary.RubyBundledDictionaryProvider' 
[ 634440]   WARN - ellchecker.SpellCheckerManager - Couldn't load dictionary 'net-ssh.dic' with loader 'class org.jetbrains.plugins.ruby.spellchecker.dictionary.RubyBundledDictionaryProvider' 
[ 634440]   WARN - ellchecker.SpellCheckerManager - Couldn't load dictionary 'nokogiri.dic' with loader 'class org.jetbrains.plugins.ruby.spellchecker.dictionary.RubyBundledDictionaryProvider' 
[ 634440]   WARN - ellchecker.SpellCheckerManager - Couldn't load dictionary 'ohai.dic' with loader 'class org.jetbrains.plugins.ruby.spellchecker.dictionary.RubyBundledDictionaryProvider' 
[ 634440]   WARN - ellchecker.SpellCheckerManager - Couldn't load dictionary 'omniauth.dic' with loader 'class org.jetbrains.plugins.ruby.spellchecker.dictionary.RubyBundledDictionaryProvider' 
[ 634440]   WARN - ellchecker.SpellCheckerManager - Couldn't load dictionary 'polyglot.dic' with loader 'class org.jetbrains.plugins.ruby.spellchecker.dictionary.RubyBundledDictionaryProvider' 
[ 634440]   WARN - ellchecker.SpellCheckerManager - Couldn't load dictionary 'rack-cache.dic' with loader 'class org.jetbrains.plugins.ruby.spellchecker.dictionary.RubyBundledDictionaryProvider' 
[ 634441]   WARN - ellchecker.SpellCheckerManager - Couldn't load dictionary 'rack-ssl.dic' with loader 'class org.jetbrains.plugins.ruby.spellchecker.dictionary.RubyBundledDictionaryProvider' 
[ 634441]   WARN - ellchecker.SpellCheckerManager - Couldn't load dictionary 'rack.dic' with loader 'class org.jetbrains.plugins.ruby.spellchecker.dictionary.RubyBundledDictionaryProvider' 
[ 634441]   WARN - ellchecker.SpellCheckerManager - Couldn't load dictionary 'railties.dic' with loader 'class org.jetbrains.plugins.ruby.spellchecker.dictionary.RubyBundledDictionaryProvider' 
[ 634441]   WARN - ellchecker.SpellCheckerManager - Couldn't load dictionary 'rake.dic' with loader 'class org.jetbrains.plugins.ruby.spellchecker.dictionary.RubyBundledDictionaryProvider' 
[ 634441]   WARN - ellchecker.SpellCheckerManager - Couldn't load dictionary 'rdoc.dic' with loader 'class org.jetbrains.plugins.ruby.spellchecker.dictionary.RubyBundledDictionaryProvider' 
[ 634441]   WARN - ellchecker.SpellCheckerManager - Couldn't load dictionary 'RedCloth.dic' with loader 'class org.jetbrains.plugins.ruby.spellchecker.dictionary.RubyBundledDictionaryProvider' 
[ 634441]   WARN - ellchecker.SpellCheckerManager - Couldn't load dictionary 'redis.dic' with loader 'class org.jetbrains.plugins.ruby.spellchecker.dictionary.RubyBundledDictionaryProvider' 
[ 634441]   WARN - ellchecker.SpellCheckerManager - Couldn't load dictionary 'resque.dic' with loader 'class org.jetbrains.plugins.ruby.spellchecker.dictionary.RubyBundledDictionaryProvider' 
[ 634442]   WARN - ellchecker.SpellCheckerManager - Couldn't load dictionary 'rspec-core.dic' with loader 'class org.jetbrains.plugins.ruby.spellchecker.dictionary.RubyBundledDictionaryProvider' 
[ 634442]   WARN - ellchecker.SpellCheckerManager - Couldn't load dictionary 'rspec-expectations.dic' with loader 'class org.jetbrains.plugins.ruby.spellchecker.dictionary.RubyBundledDictionaryProvider' 
[ 634442]   WARN - ellchecker.SpellCheckerManager - Couldn't load dictionary 'rspec-mocks.dic' with loader 'class org.jetbrains.plugins.ruby.spellchecker.dictionary.RubyBundledDictionaryProvider' 
[ 634442]   WARN - ellchecker.SpellCheckerManager - Couldn't load dictionary 'rspec-rails.dic' with loader 'class org.jetbrains.plugins.ruby.spellchecker.dictionary.RubyBundledDictionaryProvider' 
[ 634442]   WARN - ellchecker.SpellCheckerManager - Couldn't load dictionary 'ruby.dic' with loader 'class org.jetbrains.plugins.ruby.spellchecker.dictionary.RubyBundledDictionaryProvider' 
[ 634442]   WARN - ellchecker.SpellCheckerManager - Couldn't load dictionary 'rubyzip.dic' with loader 'class org.jetbrains.plugins.ruby.spellchecker.dictionary.RubyBundledDictionaryProvider' 
[ 634442]   WARN - ellchecker.SpellCheckerManager - Couldn't load dictionary 'selenium-webdriver.dic' with loader 'class org.jetbrains.plugins.ruby.spellchecker.dictionary.RubyBundledDictionaryProvider' 
[ 634443]   WARN - ellchecker.SpellCheckerManager - Couldn't load dictionary 'shoulda-context.dic' with loader 'class org.jetbrains.plugins.ruby.spellchecker.dictionary.RubyBundledDictionaryProvider' 
[ 634443]   WARN - ellchecker.SpellCheckerManager - Couldn't load dictionary 'shoulda-matchers.dic' with loader 'class org.jetbrains.plugins.ruby.spellchecker.dictionary.RubyBundledDictionaryProvider' 
[ 634443]   WARN - ellchecker.SpellCheckerManager - Couldn't load dictionary 'sinatra.dic' with loader 'class org.jetbrains.plugins.ruby.spellchecker.dictionary.RubyBundledDictionaryProvider' 
[ 634443]   WARN - ellchecker.SpellCheckerManager - Couldn't load dictionary 'spork.dic' with loader 'class org.jetbrains.plugins.ruby.spellchecker.dictionary.RubyBundledDictionaryProvider' 
[ 634443]   WARN - ellchecker.SpellCheckerManager - Couldn't load dictionary 'sprockets.dic' with loader 'class org.jetbrains.plugins.ruby.spellchecker.dictionary.RubyBundledDictionaryProvider' 
[ 634443]   WARN - ellchecker.SpellCheckerManager - Couldn't load dictionary 'systemu.dic' with loader 'class org.jetbrains.plugins.ruby.spellchecker.dictionary.RubyBundledDictionaryProvider' 
[ 634443]   WARN - ellchecker.SpellCheckerManager - Couldn't load dictionary 'tilt.dic' with loader 'class org.jetbrains.plugins.ruby.spellchecker.dictionary.RubyBundledDictionaryProvider' 
[ 634443]   WARN - ellchecker.SpellCheckerManager - Couldn't load dictionary 'treetop.dic' with loader 'class org.jetbrains.plugins.ruby.spellchecker.dictionary.RubyBundledDictionaryProvider' 
[ 634444]   WARN - ellchecker.SpellCheckerManager - Couldn't load dictionary 'webrat.dic' with loader 'class org.jetbrains.plugins.ruby.spellchecker.dictionary.RubyBundledDictionaryProvider' 
[ 634444]   WARN - ellchecker.SpellCheckerManager - Couldn't load dictionary 'websocket.dic' with loader 'class org.jetbrains.plugins.ruby.spellchecker.dictionary.RubyBundledDictionaryProvider' 
[ 634444]   WARN - ellchecker.SpellCheckerManager - Couldn't load dictionary 'xpath.dic' with loader 'class org.jetbrains.plugins.ruby.spellchecker.dictionary.RubyBundledDictionaryProvider' 
isFishEyeConfigured == false
isFishEyeConfigured == false
[9877593]   WARN - api.vfs.impl.local.FileWatcher - Watcher terminated with exit code 0 
java.class.path: /home/sandeep/tools/idea/bin/../lib/bootstrap.jar:/home/sandeep/tools/idea/bin/../lib/extensions.jar:/home/sandeep/tools/idea/bin/../lib/util.jar:/home/sandeep/tools/idea/bin/../lib/jdom.jar:/home/sandeep/tools/idea/bin/../lib/log4j.jar:/home/sandeep/tools/idea/bin/../lib/trove4j.jar:/home/sandeep/tools/idea/bin/../lib/jna.jar:/usr/lib/jvm/java-7-openjdk-amd64/lib/tools.jar
java.ext.dirs: /usr/lib/jvm/java-7-openjdk-amd64/jre/lib/ext:/usr/java/packages/lib/ext
java.library.path: /home/sandeep/tools/idea/bin::/usr/java/packages/lib/amd64:/usr/lib/x86_64-linux-gnu/jni:/lib/x86_64-linux-gnu:/usr/lib/x86_64-linux-gnu:/usr/lib/jni:/lib:/usr/lib
path.separator: :
[  14476]   WARN - pl.ExternalResourceManagerImpl - Cannot find standard resource. filename:/META-INF/tapestry_5_0_0.xsd class=class com.intellij.javaee.ResourceRegistrarImpl, classLoader:null 
[  26250]   WARN - ellchecker.SpellCheckerManager - Couldn't load dictionary 'actionpack.dic' with loader 'class org.jetbrains.plugins.ruby.spellchecker.dictionary.RubyBundledDictionaryProvider' 
[  26250]   WARN - ellchecker.SpellCheckerManager - Couldn't load dictionary 'activemodel.dic' with loader 'class org.jetbrains.plugins.ruby.spellchecker.dictionary.RubyBundledDictionaryProvider' 
[  26250]   WARN - ellchecker.SpellCheckerManager - Couldn't load dictionary 'activerecord.dic' with loader 'class org.jetbrains.plugins.ruby.spellchecker.dictionary.RubyBundledDictionaryProvider' 
[  26250]   WARN - ellchecker.SpellCheckerManager - Couldn't load dictionary 'activesupport.dic' with loader 'class org.jetbrains.plugins.ruby.spellchecker.dictionary.RubyBundledDictionaryProvider' 
[  26250]   WARN - ellchecker.SpellCheckerManager - Couldn't load dictionary 'arel.dic' with loader 'class org.jetbrains.plugins.ruby.spellchecker.dictionary.RubyBundledDictionaryProvider' 
[  26250]   WARN - ellchecker.SpellCheckerManager - Couldn't load dictionary 'authlogic.dic' with loader 'class org.jetbrains.plugins.ruby.spellchecker.dictionary.RubyBundledDictionaryProvider' 
[  26250]   WARN - ellchecker.SpellCheckerManager - Couldn't load dictionary 'builder.dic' with loader 'class org.jetbrains.plugins.ruby.spellchecker.dictionary.RubyBundledDictionaryProvider' 
[  26250]   WARN - ellchecker.SpellCheckerManager - Couldn't load dictionary 'bundler.dic' with loader 'class org.jetbrains.plugins.ruby.spellchecker.dictionary.RubyBundledDictionaryProvider' 
[  26251]   WARN - ellchecker.SpellCheckerManager - Couldn't load dictionary 'capistrano.dic' with loader 'class org.jetbrains.plugins.ruby.spellchecker.dictionary.RubyBundledDictionaryProvider' 
[  26251]   WARN - ellchecker.SpellCheckerManager - Couldn't load dictionary 'capybara.dic' with loader 'class org.jetbrains.plugins.ruby.spellchecker.dictionary.RubyBundledDictionaryProvider' 
[  26251]   WARN - ellchecker.SpellCheckerManager - Couldn't load dictionary 'carrierwave.dic' with loader 'class org.jetbrains.plugins.ruby.spellchecker.dictionary.RubyBundledDictionaryProvider' 
[  26251]   WARN - ellchecker.SpellCheckerManager - Couldn't load dictionary 'chef.dic' with loader 'class org.jetbrains.plugins.ruby.spellchecker.dictionary.RubyBundledDictionaryProvider' 
[  26251]   WARN - ellchecker.SpellCheckerManager - Couldn't load dictionary 'childprocess.dic' with loader 'class org.jetbrains.plugins.ruby.spellchecker.dictionary.RubyBundledDictionaryProvider' 
[  26251]   WARN - ellchecker.SpellCheckerManager - Couldn't load dictionary 'cucumber-rails.dic' with loader 'class org.jetbrains.plugins.ruby.spellchecker.dictionary.RubyBundledDictionaryProvider' 
[  26251]   WARN - ellchecker.SpellCheckerManager - Couldn't load dictionary 'cucumber.dic' with loader 'class org.jetbrains.plugins.ruby.spellchecker.dictionary.RubyBundledDictionaryProvider' 
[  26251]   WARN - ellchecker.SpellCheckerManager - Couldn't load dictionary 'diff-lcs.dic' with loader 'class org.jetbrains.plugins.ruby.spellchecker.dictionary.RubyBundledDictionaryProvider' 
[  26251]   WARN - ellchecker.SpellCheckerManager - Couldn't load dictionary 'erubis.dic' with loader 'class org.jetbrains.plugins.ruby.spellchecker.dictionary.RubyBundledDictionaryProvider' 
[  26252]   WARN - ellchecker.SpellCheckerManager - Couldn't load dictionary 'errno.dic' with loader 'class org.jetbrains.plugins.ruby.spellchecker.dictionary.RubyBundledDictionaryProvider' 
[  26252]   WARN - ellchecker.SpellCheckerManager - Couldn't load dictionary 'eventmachine.dic' with loader 'class org.jetbrains.plugins.ruby.spellchecker.dictionary.RubyBundledDictionaryProvider' 
[  26252]   WARN - ellchecker.SpellCheckerManager - Couldn't load dictionary 'factory_girl.dic' with loader 'class org.jetbrains.plugins.ruby.spellchecker.dictionary.RubyBundledDictionaryProvider' 
[  26252]   WARN - ellchecker.SpellCheckerManager - Couldn't load dictionary 'ffi.dic' with loader 'class org.jetbrains.plugins.ruby.spellchecker.dictionary.RubyBundledDictionaryProvider' 
[  26252]   WARN - ellchecker.SpellCheckerManager - Couldn't load dictionary 'gherkin.dic' with loader 'class org.jetbrains.plugins.ruby.spellchecker.dictionary.RubyBundledDictionaryProvider' 
[  26252]   WARN - ellchecker.SpellCheckerManager - Couldn't load dictionary 'haml.dic' with loader 'class org.jetbrains.plugins.ruby.spellchecker.dictionary.RubyBundledDictionaryProvider' 
[  26252]   WARN - ellchecker.SpellCheckerManager - Couldn't load dictionary 'hashie.dic' with loader 'class org.jetbrains.plugins.ruby.spellchecker.dictionary.RubyBundledDictionaryProvider' 
[  26253]   WARN - ellchecker.SpellCheckerManager - Couldn't load dictionary 'highline.dic' with loader 'class org.jetbrains.plugins.ruby.spellchecker.dictionary.RubyBundledDictionaryProvider' 
[  26253]   WARN - ellchecker.SpellCheckerManager - Couldn't load dictionary 'hike.dic' with loader 'class org.jetbrains.plugins.ruby.spellchecker.dictionary.RubyBundledDictionaryProvider' 
[  26253]   WARN - ellchecker.SpellCheckerManager - Couldn't load dictionary 'hpricot.dic' with loader 'class org.jetbrains.plugins.ruby.spellchecker.dictionary.RubyBundledDictionaryProvider' 
[  26253]   WARN - ellchecker.SpellCheckerManager - Couldn't load dictionary 'i18n.dic' with loader 'class org.jetbrains.plugins.ruby.spellchecker.dictionary.RubyBundledDictionaryProvider' 
[  26253]   WARN - ellchecker.SpellCheckerManager - Couldn't load dictionary 'ipaddress.dic' with loader 'class org.jetbrains.plugins.ruby.spellchecker.dictionary.RubyBundledDictionaryProvider' 
[  26255]   WARN - ellchecker.SpellCheckerManager - Couldn't load dictionary 'journey.dic' with loader 'class org.jetbrains.plugins.ruby.spellchecker.dictionary.RubyBundledDictionaryProvider' 
[  26255]   WARN - ellchecker.SpellCheckerManager - Couldn't load dictionary 'json.dic' with loader 'class org.jetbrains.plugins.ruby.spellchecker.dictionary.RubyBundledDictionaryProvider' 
[  26255]   WARN - ellchecker.SpellCheckerManager - Couldn't load dictionary 'mail.dic' with loader 'class org.jetbrains.plugins.ruby.spellchecker.dictionary.RubyBundledDictionaryProvider' 
[  26255]   WARN - ellchecker.SpellCheckerManager - Couldn't load dictionary 'metaclass.dic' with loader 'class org.jetbrains.plugins.ruby.spellchecker.dictionary.RubyBundledDictionaryProvider' 
[  26255]   WARN - ellchecker.SpellCheckerManager - Couldn't load dictionary 'mime-types.dic' with loader 'class org.jetbrains.plugins.ruby.spellchecker.dictionary.RubyBundledDictionaryProvider' 
[  26256]   WARN - ellchecker.SpellCheckerManager - Couldn't load dictionary 'mixlib-authentication.dic' with loader 'class org.jetbrains.plugins.ruby.spellchecker.dictionary.RubyBundledDictionaryProvider' 
[  26256]   WARN - ellchecker.SpellCheckerManager - Couldn't load dictionary 'mixlib-shellout.dic' with loader 'class org.jetbrains.plugins.ruby.spellchecker.dictionary.RubyBundledDictionaryProvider' 
[  26256]   WARN - ellchecker.SpellCheckerManager - Couldn't load dictionary 'mocha.dic' with loader 'class org.jetbrains.plugins.ruby.spellchecker.dictionary.RubyBundledDictionaryProvider' 
[  26256]   WARN - ellchecker.SpellCheckerManager - Couldn't load dictionary 'multi_json.dic' with loader 'class org.jetbrains.plugins.ruby.spellchecker.dictionary.RubyBundledDictionaryProvider' 
[  26256]   WARN - ellchecker.SpellCheckerManager - Couldn't load dictionary 'mustache.dic' with loader 'class org.jetbrains.plugins.ruby.spellchecker.dictionary.RubyBundledDictionaryProvider' 
[  26256]   WARN - ellchecker.SpellCheckerManager - Couldn't load dictionary 'net-sftp.dic' with loader 'class org.jetbrains.plugins.ruby.spellchecker.dictionary.RubyBundledDictionaryProvider' 
[  26256]   WARN - ellchecker.SpellCheckerManager - Couldn't load dictionary 'net-ssh.dic' with loader 'class org.jetbrains.plugins.ruby.spellchecker.dictionary.RubyBundledDictionaryProvider' 
[  26256]   WARN - ellchecker.SpellCheckerManager - Couldn't load dictionary 'nokogiri.dic' with loader 'class org.jetbrains.plugins.ruby.spellchecker.dictionary.RubyBundledDictionaryProvider' 
[  26257]   WARN - ellchecker.SpellCheckerManager - Couldn't load dictionary 'ohai.dic' with loader 'class org.jetbrains.plugins.ruby.spellchecker.dictionary.RubyBundledDictionaryProvider' 
[  26257]   WARN - ellchecker.SpellCheckerManager - Couldn't load dictionary 'omniauth.dic' with loader 'class org.jetbrains.plugins.ruby.spellchecker.dictionary.RubyBundledDictionaryProvider' 
[  26257]   WARN - ellchecker.SpellCheckerManager - Couldn't load dictionary 'polyglot.dic' with loader 'class org.jetbrains.plugins.ruby.spellchecker.dictionary.RubyBundledDictionaryProvider' 
[  26257]   WARN - ellchecker.SpellCheckerManager - Couldn't load dictionary 'rack-cache.dic' with loader 'class org.jetbrains.plugins.ruby.spellchecker.dictionary.RubyBundledDictionaryProvider' 
[  26257]   WARN - ellchecker.SpellCheckerManager - Couldn't load dictionary 'rack-ssl.dic' with loader 'class org.jetbrains.plugins.ruby.spellchecker.dictionary.RubyBundledDictionaryProvider' 
[  26257]   WARN - ellchecker.SpellCheckerManager - Couldn't load dictionary 'rack.dic' with loader 'class org.jetbrains.plugins.ruby.spellchecker.dictionary.RubyBundledDictionaryProvider' 
[  26257]   WARN - ellchecker.SpellCheckerManager - Couldn't load dictionary 'railties.dic' with loader 'class org.jetbrains.plugins.ruby.spellchecker.dictionary.RubyBundledDictionaryProvider' 
[  26257]   WARN - ellchecker.SpellCheckerManager - Couldn't load dictionary 'rake.dic' with loader 'class org.jetbrains.plugins.ruby.spellchecker.dictionary.RubyBundledDictionaryProvider' 
[  26258]   WARN - ellchecker.SpellCheckerManager - Couldn't load dictionary 'rdoc.dic' with loader 'class org.jetbrains.plugins.ruby.spellchecker.dictionary.RubyBundledDictionaryProvider' 
[  26258]   WARN - ellchecker.SpellCheckerManager - Couldn't load dictionary 'RedCloth.dic' with loader 'class org.jetbrains.plugins.ruby.spellchecker.dictionary.RubyBundledDictionaryProvider' 
[  26258]   WARN - ellchecker.SpellCheckerManager - Couldn't load dictionary 'redis.dic' with loader 'class org.jetbrains.plugins.ruby.spellchecker.dictionary.RubyBundledDictionaryProvider' 
[  26258]   WARN - ellchecker.SpellCheckerManager - Couldn't load dictionary 'resque.dic' with loader 'class org.jetbrains.plugins.ruby.spellchecker.dictionary.RubyBundledDictionaryProvider' 
[  26258]   WARN - ellchecker.SpellCheckerManager - Couldn't load dictionary 'rspec-core.dic' with loader 'class org.jetbrains.plugins.ruby.spellchecker.dictionary.RubyBundledDictionaryProvider' 
[  26258]   WARN - ellchecker.SpellCheckerManager - Couldn't load dictionary 'rspec-expectations.dic' with loader 'class org.jetbrains.plugins.ruby.spellchecker.dictionary.RubyBundledDictionaryProvider' 
[  26258]   WARN - ellchecker.SpellCheckerManager - Couldn't load dictionary 'rspec-mocks.dic' with loader 'class org.jetbrains.plugins.ruby.spellchecker.dictionary.RubyBundledDictionaryProvider' 
[  26258]   WARN - ellchecker.SpellCheckerManager - Couldn't load dictionary 'rspec-rails.dic' with loader 'class org.jetbrains.plugins.ruby.spellchecker.dictionary.RubyBundledDictionaryProvider' 
[  26259]   WARN - ellchecker.SpellCheckerManager - Couldn't load dictionary 'ruby.dic' with loader 'class org.jetbrains.plugins.ruby.spellchecker.dictionary.RubyBundledDictionaryProvider' 
[  26259]   WARN - ellchecker.SpellCheckerManager - Couldn't load dictionary 'rubyzip.dic' with loader 'class org.jetbrains.plugins.ruby.spellchecker.dictionary.RubyBundledDictionaryProvider' 
[  26259]   WARN - ellchecker.SpellCheckerManager - Couldn't load dictionary 'selenium-webdriver.dic' with loader 'class org.jetbrains.plugins.ruby.spellchecker.dictionary.RubyBundledDictionaryProvider' 
[  26259]   WARN - ellchecker.SpellCheckerManager - Couldn't load dictionary 'shoulda-context.dic' with loader 'class org.jetbrains.plugins.ruby.spellchecker.dictionary.RubyBundledDictionaryProvider' 
[  26259]   WARN - ellchecker.SpellCheckerManager - Couldn't load dictionary 'shoulda-matchers.dic' with loader 'class org.jetbrains.plugins.ruby.spellchecker.dictionary.RubyBundledDictionaryProvider' 
[  26259]   WARN - ellchecker.SpellCheckerManager - Couldn't load dictionary 'sinatra.dic' with loader 'class org.jetbrains.plugins.ruby.spellchecker.dictionary.RubyBundledDictionaryProvider' 
[  26259]   WARN - ellchecker.SpellCheckerManager - Couldn't load dictionary 'spork.dic' with loader 'class org.jetbrains.plugins.ruby.spellchecker.dictionary.RubyBundledDictionaryProvider' 
[  26259]   WARN - ellchecker.SpellCheckerManager - Couldn't load dictionary 'sprockets.dic' with loader 'class org.jetbrains.plugins.ruby.spellchecker.dictionary.RubyBundledDictionaryProvider' 
[  26260]   WARN - ellchecker.SpellCheckerManager - Couldn't load dictionary 'systemu.dic' with loader 'class org.jetbrains.plugins.ruby.spellchecker.dictionary.RubyBundledDictionaryProvider' 
[  26260]   WARN - ellchecker.SpellCheckerManager - Couldn't load dictionary 'tilt.dic' with loader 'class org.jetbrains.plugins.ruby.spellchecker.dictionary.RubyBundledDictionaryProvider' 
[  26260]   WARN - ellchecker.SpellCheckerManager - Couldn't load dictionary 'treetop.dic' with loader 'class org.jetbrains.plugins.ruby.spellchecker.dictionary.RubyBundledDictionaryProvider' 
[  26260]   WARN - ellchecker.SpellCheckerManager - Couldn't load dictionary 'webrat.dic' with loader 'class org.jetbrains.plugins.ruby.spellchecker.dictionary.RubyBundledDictionaryProvider' 
[  26260]   WARN - ellchecker.SpellCheckerManager - Couldn't load dictionary 'websocket.dic' with loader 'class org.jetbrains.plugins.ruby.spellchecker.dictionary.RubyBundledDictionaryProvider' 
[  26260]   WARN - ellchecker.SpellCheckerManager - Couldn't load dictionary 'xpath.dic' with loader 'class org.jetbrains.plugins.ruby.spellchecker.dictionary.RubyBundledDictionaryProvider' 
