###############
Setup
###############
###############
Configure
###############

Logging initialized using configuration in jar:file:/home/sandeep/tools/hive/0.13.1/lib/hive-common-0.13.1.jar!/hive-log4j.properties
set hive.execution.engine=tez
15/01/20 18:28:45 INFO namenode.NameNode: STARTUP_MSG: 
/************************************************************
STARTUP_MSG: Starting NameNode
STARTUP_MSG:   host = sandeep-Latitude-6430U/127.0.1.1
STARTUP_MSG:   args = [-format]
STARTUP_MSG:   version = 2.4.1
STARTUP_MSG:   classpath = /home/sandeep/tools/hadoop/2.4.1/etc/hadoop:/home/sandeep/tools/hadoop/2.4.1/share/hadoop/common/lib/commons-configuration-1.6.jar:/home/sandeep/tools/hadoop/2.4.1/share/hadoop/common/lib/slf4j-api-1.7.5.jar:/home/sandeep/tools/hadoop/2.4.1/share/hadoop/common/lib/xmlenc-0.52.jar:/home/sandeep/tools/hadoop/2.4.1/share/hadoop/common/lib/commons-beanutils-core-1.8.0.jar:/home/sandeep/tools/hadoop/2.4.1/share/hadoop/common/lib/snappy-java-1.0.4.1.jar:/home/sandeep/tools/hadoop/2.4.1/share/hadoop/common/lib/httpcore-4.2.5.jar:/home/sandeep/tools/hadoop/2.4.1/share/hadoop/common/lib/jetty-6.1.26.jar:/home/sandeep/tools/hadoop/2.4.1/share/hadoop/common/lib/commons-el-1.0.jar:/home/sandeep/tools/hadoop/2.4.1/share/hadoop/common/lib/commons-net-3.1.jar:/home/sandeep/tools/hadoop/2.4.1/share/hadoop/common/lib/stax-api-1.0-2.jar:/home/sandeep/tools/hadoop/2.4.1/share/hadoop/common/lib/hadoop-auth-2.4.1.jar:/home/sandeep/tools/hadoop/2.4.1/share/hadoop/common/lib/jersey-server-1.9.jar:/home/sandeep/tools/hadoop/2.4.1/share/hadoop/common/lib/httpclient-4.2.5.jar:/home/sandeep/tools/hadoop/2.4.1/share/hadoop/common/lib/xz-1.0.jar:/home/sandeep/tools/hadoop/2.4.1/share/hadoop/common/lib/commons-lang-2.6.jar:/home/sandeep/tools/hadoop/2.4.1/share/hadoop/common/lib/jackson-mapper-asl-1.8.8.jar:/home/sandeep/tools/hadoop/2.4.1/share/hadoop/common/lib/jetty-util-6.1.26.jar:/home/sandeep/tools/hadoop/2.4.1/share/hadoop/common/lib/junit-4.8.2.jar:/home/sandeep/tools/hadoop/2.4.1/share/hadoop/common/lib/netty-3.6.2.Final.jar:/home/sandeep/tools/hadoop/2.4.1/share/hadoop/common/lib/paranamer-2.3.jar:/home/sandeep/tools/hadoop/2.4.1/share/hadoop/common/lib/slf4j-log4j12-1.7.5.jar:/home/sandeep/tools/hadoop/2.4.1/share/hadoop/common/lib/servlet-api-2.5.jar:/home/sandeep/tools/hadoop/2.4.1/share/hadoop/common/lib/jackson-jaxrs-1.8.8.jar:/home/sandeep/tools/hadoop/2.4.1/share/hadoop/common/lib/log4j-1.2.17.jar:/home/sandeep/tools/hadoop/2.4.1/share/hadoop/common/lib/protobuf-java-2.5.0.jar:/home/sandeep/tools/hadoop/2.4.1/share/hadoop/common/lib/jaxb-impl-2.2.3-1.jar:/home/sandeep/tools/hadoop/2.4.1/share/hadoop/common/lib/commons-cli-1.2.jar:/home/sandeep/tools/hadoop/2.4.1/share/hadoop/common/lib/jersey-core-1.9.jar:/home/sandeep/tools/hadoop/2.4.1/share/hadoop/common/lib/jackson-xc-1.8.8.jar:/home/sandeep/tools/hadoop/2.4.1/share/hadoop/common/lib/commons-digester-1.8.jar:/home/sandeep/tools/hadoop/2.4.1/share/hadoop/common/lib/avro-1.7.4.jar:/home/sandeep/tools/hadoop/2.4.1/share/hadoop/common/lib/zookeeper-3.4.5.jar:/home/sandeep/tools/hadoop/2.4.1/share/hadoop/common/lib/guava-11.0.2.jar:/home/sandeep/tools/hadoop/2.4.1/share/hadoop/common/lib/jsch-0.1.42.jar:/home/sandeep/tools/hadoop/2.4.1/share/hadoop/common/lib/commons-httpclient-3.1.jar:/home/sandeep/tools/hadoop/2.4.1/share/hadoop/common/lib/jaxb-api-2.2.2.jar:/home/sandeep/tools/hadoop/2.4.1/share/hadoop/common/lib/hadoop-annotations-2.4.1.jar:/home/sandeep/tools/hadoop/2.4.1/share/hadoop/common/lib/commons-beanutils-1.7.0.jar:/home/sandeep/tools/hadoop/2.4.1/share/hadoop/common/lib/commons-io-2.4.jar:/home/sandeep/tools/hadoop/2.4.1/share/hadoop/common/lib/jets3t-0.9.0.jar:/home/sandeep/tools/hadoop/2.4.1/share/hadoop/common/lib/jasper-runtime-5.5.23.jar:/home/sandeep/tools/hadoop/2.4.1/share/hadoop/common/lib/jackson-core-asl-1.8.8.jar:/home/sandeep/tools/hadoop/2.4.1/share/hadoop/common/lib/mockito-all-1.8.5.jar:/home/sandeep/tools/hadoop/2.4.1/share/hadoop/common/lib/commons-math3-3.1.1.jar:/home/sandeep/tools/hadoop/2.4.1/share/hadoop/common/lib/activation-1.1.jar:/home/sandeep/tools/hadoop/2.4.1/share/hadoop/common/lib/jersey-json-1.9.jar:/home/sandeep/tools/hadoop/2.4.1/share/hadoop/common/lib/jsp-api-2.1.jar:/home/sandeep/tools/hadoop/2.4.1/share/hadoop/common/lib/commons-codec-1.4.jar:/home/sandeep/tools/hadoop/2.4.1/share/hadoop/common/lib/java-xmlbuilder-0.4.jar:/home/sandeep/tools/hadoop/2.4.1/share/hadoop/common/lib/commons-logging-1.1.3.jar:/home/sandeep/tools/hadoop/2.4.1/share/hadoop/common/lib/jsr305-1.3.9.jar:/home/sandeep/tools/hadoop/2.4.1/share/hadoop/common/lib/asm-3.2.jar:/home/sandeep/tools/hadoop/2.4.1/share/hadoop/common/lib/commons-collections-3.2.1.jar:/home/sandeep/tools/hadoop/2.4.1/share/hadoop/common/lib/jasper-compiler-5.5.23.jar:/home/sandeep/tools/hadoop/2.4.1/share/hadoop/common/lib/commons-compress-1.4.1.jar:/home/sandeep/tools/hadoop/2.4.1/share/hadoop/common/lib/jettison-1.1.jar:/home/sandeep/tools/hadoop/2.4.1/share/hadoop/common/hadoop-common-2.4.1-tests.jar:/home/sandeep/tools/hadoop/2.4.1/share/hadoop/common/hadoop-common-2.4.1.jar:/home/sandeep/tools/hadoop/2.4.1/share/hadoop/common/hadoop-nfs-2.4.1.jar:/home/sandeep/tools/hadoop/2.4.1/share/hadoop/hdfs:/home/sandeep/tools/hadoop/2.4.1/share/hadoop/hdfs/lib/xmlenc-0.52.jar:/home/sandeep/tools/hadoop/2.4.1/share/hadoop/hdfs/lib/jetty-6.1.26.jar:/home/sandeep/tools/hadoop/2.4.1/share/hadoop/hdfs/lib/commons-el-1.0.jar:/home/sandeep/tools/hadoop/2.4.1/share/hadoop/hdfs/lib/jersey-server-1.9.jar:/home/sandeep/tools/hadoop/2.4.1/share/hadoop/hdfs/lib/commons-lang-2.6.jar:/home/sandeep/tools/hadoop/2.4.1/share/hadoop/hdfs/lib/jackson-mapper-asl-1.8.8.jar:/home/sandeep/tools/hadoop/2.4.1/share/hadoop/hdfs/lib/jetty-util-6.1.26.jar:/home/sandeep/tools/hadoop/2.4.1/share/hadoop/hdfs/lib/netty-3.6.2.Final.jar:/home/sandeep/tools/hadoop/2.4.1/share/hadoop/hdfs/lib/servlet-api-2.5.jar:/home/sandeep/tools/hadoop/2.4.1/share/hadoop/hdfs/lib/log4j-1.2.17.jar:/home/sandeep/tools/hadoop/2.4.1/share/hadoop/hdfs/lib/protobuf-java-2.5.0.jar:/home/sandeep/tools/hadoop/2.4.1/share/hadoop/hdfs/lib/commons-cli-1.2.jar:/home/sandeep/tools/hadoop/2.4.1/share/hadoop/hdfs/lib/jersey-core-1.9.jar:/home/sandeep/tools/hadoop/2.4.1/share/hadoop/hdfs/lib/guava-11.0.2.jar:/home/sandeep/tools/hadoop/2.4.1/share/hadoop/hdfs/lib/commons-io-2.4.jar:/home/sandeep/tools/hadoop/2.4.1/share/hadoop/hdfs/lib/jasper-runtime-5.5.23.jar:/home/sandeep/tools/hadoop/2.4.1/share/hadoop/hdfs/lib/jackson-core-asl-1.8.8.jar:/home/sandeep/tools/hadoop/2.4.1/share/hadoop/hdfs/lib/jsp-api-2.1.jar:/home/sandeep/tools/hadoop/2.4.1/share/hadoop/hdfs/lib/commons-codec-1.4.jar:/home/sandeep/tools/hadoop/2.4.1/share/hadoop/hdfs/lib/commons-logging-1.1.3.jar:/home/sandeep/tools/hadoop/2.4.1/share/hadoop/hdfs/lib/jsr305-1.3.9.jar:/home/sandeep/tools/hadoop/2.4.1/share/hadoop/hdfs/lib/asm-3.2.jar:/home/sandeep/tools/hadoop/2.4.1/share/hadoop/hdfs/lib/commons-daemon-1.0.13.jar:/home/sandeep/tools/hadoop/2.4.1/share/hadoop/hdfs/hadoop-hdfs-2.4.1-tests.jar:/home/sandeep/tools/hadoop/2.4.1/share/hadoop/hdfs/hadoop-hdfs-nfs-2.4.1.jar:/home/sandeep/tools/hadoop/2.4.1/share/hadoop/hdfs/hadoop-hdfs-2.4.1.jar:/home/sandeep/tools/hadoop/2.4.1/share/hadoop/yarn/lib/aopalliance-1.0.jar:/home/sandeep/tools/hadoop/2.4.1/share/hadoop/yarn/lib/jetty-6.1.26.jar:/home/sandeep/tools/hadoop/2.4.1/share/hadoop/yarn/lib/stax-api-1.0-2.jar:/home/sandeep/tools/hadoop/2.4.1/share/hadoop/yarn/lib/javax.inject-1.jar:/home/sandeep/tools/hadoop/2.4.1/share/hadoop/yarn/lib/jersey-guice-1.9.jar:/home/sandeep/tools/hadoop/2.4.1/share/hadoop/yarn/lib/jersey-server-1.9.jar:/home/sandeep/tools/hadoop/2.4.1/share/hadoop/yarn/lib/jline-0.9.94.jar:/home/sandeep/tools/hadoop/2.4.1/share/hadoop/yarn/lib/xz-1.0.jar:/home/sandeep/tools/hadoop/2.4.1/share/hadoop/yarn/lib/commons-lang-2.6.jar:/home/sandeep/tools/hadoop/2.4.1/share/hadoop/yarn/lib/jackson-mapper-asl-1.8.8.jar:/home/sandeep/tools/hadoop/2.4.1/share/hadoop/yarn/lib/jetty-util-6.1.26.jar:/home/sandeep/tools/hadoop/2.4.1/share/hadoop/yarn/lib/leveldbjni-all-1.8.jar:/home/sandeep/tools/hadoop/2.4.1/share/hadoop/yarn/lib/servlet-api-2.5.jar:/home/sandeep/tools/hadoop/2.4.1/share/hadoop/yarn/lib/jackson-jaxrs-1.8.8.jar:/home/sandeep/tools/hadoop/2.4.1/share/hadoop/yarn/lib/log4j-1.2.17.jar:/home/sandeep/tools/hadoop/2.4.1/share/hadoop/yarn/lib/protobuf-java-2.5.0.jar:/home/sandeep/tools/hadoop/2.4.1/share/hadoop/yarn/lib/jaxb-impl-2.2.3-1.jar:/home/sandeep/tools/hadoop/2.4.1/share/hadoop/yarn/lib/commons-cli-1.2.jar:/home/sandeep/tools/hadoop/2.4.1/share/hadoop/yarn/lib/jersey-core-1.9.jar:/home/sandeep/tools/hadoop/2.4.1/share/hadoop/yarn/lib/jackson-xc-1.8.8.jar:/home/sandeep/tools/hadoop/2.4.1/share/hadoop/yarn/lib/zookeeper-3.4.5.jar:/home/sandeep/tools/hadoop/2.4.1/share/hadoop/yarn/lib/guava-11.0.2.jar:/home/sandeep/tools/hadoop/2.4.1/share/hadoop/yarn/lib/commons-httpclient-3.1.jar:/home/sandeep/tools/hadoop/2.4.1/share/hadoop/yarn/lib/jaxb-api-2.2.2.jar:/home/sandeep/tools/hadoop/2.4.1/share/hadoop/yarn/lib/guice-3.0.jar:/home/sandeep/tools/hadoop/2.4.1/share/hadoop/yarn/lib/commons-io-2.4.jar:/home/sandeep/tools/hadoop/2.4.1/share/hadoop/yarn/lib/jackson-core-asl-1.8.8.jar:/home/sandeep/tools/hadoop/2.4.1/share/hadoop/yarn/lib/activation-1.1.jar:/home/sandeep/tools/hadoop/2.4.1/share/hadoop/yarn/lib/jersey-json-1.9.jar:/home/sandeep/tools/hadoop/2.4.1/share/hadoop/yarn/lib/guice-servlet-3.0.jar:/home/sandeep/tools/hadoop/2.4.1/share/hadoop/yarn/lib/commons-codec-1.4.jar:/home/sandeep/tools/hadoop/2.4.1/share/hadoop/yarn/lib/commons-logging-1.1.3.jar:/home/sandeep/tools/hadoop/2.4.1/share/hadoop/yarn/lib/jsr305-1.3.9.jar:/home/sandeep/tools/hadoop/2.4.1/share/hadoop/yarn/lib/asm-3.2.jar:/home/sandeep/tools/hadoop/2.4.1/share/hadoop/yarn/lib/commons-collections-3.2.1.jar:/home/sandeep/tools/hadoop/2.4.1/share/hadoop/yarn/lib/jersey-client-1.9.jar:/home/sandeep/tools/hadoop/2.4.1/share/hadoop/yarn/lib/commons-compress-1.4.1.jar:/home/sandeep/tools/hadoop/2.4.1/share/hadoop/yarn/lib/jettison-1.1.jar:/home/sandeep/tools/hadoop/2.4.1/share/hadoop/yarn/hadoop-yarn-server-applicationhistoryservice-2.4.1.jar:/home/sandeep/tools/hadoop/2.4.1/share/hadoop/yarn/hadoop-yarn-server-nodemanager-2.4.1.jar:/home/sandeep/tools/hadoop/2.4.1/share/hadoop/yarn/hadoop-yarn-server-web-proxy-2.4.1.jar:/home/sandeep/tools/hadoop/2.4.1/share/hadoop/yarn/hadoop-yarn-applications-distributedshell-2.4.1.jar:/home/sandeep/tools/hadoop/2.4.1/share/hadoop/yarn/hadoop-yarn-api-2.4.1.jar:/home/sandeep/tools/hadoop/2.4.1/share/hadoop/yarn/hadoop-yarn-client-2.4.1.jar:/home/sandeep/tools/hadoop/2.4.1/share/hadoop/yarn/hadoop-yarn-applications-unmanaged-am-launcher-2.4.1.jar:/home/sandeep/tools/hadoop/2.4.1/share/hadoop/yarn/hadoop-yarn-server-tests-2.4.1.jar:/home/sandeep/tools/hadoop/2.4.1/share/hadoop/yarn/hadoop-yarn-common-2.4.1.jar:/home/sandeep/tools/hadoop/2.4.1/share/hadoop/yarn/hadoop-yarn-server-common-2.4.1.jar:/home/sandeep/tools/hadoop/2.4.1/share/hadoop/yarn/hadoop-yarn-server-resourcemanager-2.4.1.jar:/home/sandeep/tools/hadoop/2.4.1/share/hadoop/mapreduce/lib/aopalliance-1.0.jar:/home/sandeep/tools/hadoop/2.4.1/share/hadoop/mapreduce/lib/snappy-java-1.0.4.1.jar:/home/sandeep/tools/hadoop/2.4.1/share/hadoop/mapreduce/lib/javax.inject-1.jar:/home/sandeep/tools/hadoop/2.4.1/share/hadoop/mapreduce/lib/jersey-guice-1.9.jar:/home/sandeep/tools/hadoop/2.4.1/share/hadoop/mapreduce/lib/jersey-server-1.9.jar:/home/sandeep/tools/hadoop/2.4.1/share/hadoop/mapreduce/lib/xz-1.0.jar:/home/sandeep/tools/hadoop/2.4.1/share/hadoop/mapreduce/lib/jackson-mapper-asl-1.8.8.jar:/home/sandeep/tools/hadoop/2.4.1/share/hadoop/mapreduce/lib/netty-3.6.2.Final.jar:/home/sandeep/tools/hadoop/2.4.1/share/hadoop/mapreduce/lib/paranamer-2.3.jar:/home/sandeep/tools/hadoop/2.4.1/share/hadoop/mapreduce/lib/log4j-1.2.17.jar:/home/sandeep/tools/hadoop/2.4.1/share/hadoop/mapreduce/lib/protobuf-java-2.5.0.jar:/home/sandeep/tools/hadoop/2.4.1/share/hadoop/mapreduce/lib/jersey-core-1.9.jar:/home/sandeep/tools/hadoop/2.4.1/share/hadoop/mapreduce/lib/avro-1.7.4.jar:/home/sandeep/tools/hadoop/2.4.1/share/hadoop/mapreduce/lib/hamcrest-core-1.1.jar:/home/sandeep/tools/hadoop/2.4.1/share/hadoop/mapreduce/lib/hadoop-annotations-2.4.1.jar:/home/sandeep/tools/hadoop/2.4.1/share/hadoop/mapreduce/lib/guice-3.0.jar:/home/sandeep/tools/hadoop/2.4.1/share/hadoop/mapreduce/lib/commons-io-2.4.jar:/home/sandeep/tools/hadoop/2.4.1/share/hadoop/mapreduce/lib/jackson-core-asl-1.8.8.jar:/home/sandeep/tools/hadoop/2.4.1/share/hadoop/mapreduce/lib/junit-4.10.jar:/home/sandeep/tools/hadoop/2.4.1/share/hadoop/mapreduce/lib/guice-servlet-3.0.jar:/home/sandeep/tools/hadoop/2.4.1/share/hadoop/mapreduce/lib/asm-3.2.jar:/home/sandeep/tools/hadoop/2.4.1/share/hadoop/mapreduce/lib/commons-compress-1.4.1.jar:/home/sandeep/tools/hadoop/2.4.1/share/hadoop/mapreduce/hadoop-mapreduce-client-jobclient-2.4.1-tests.jar:/home/sandeep/tools/hadoop/2.4.1/share/hadoop/mapreduce/hadoop-mapreduce-client-shuffle-2.4.1.jar:/home/sandeep/tools/hadoop/2.4.1/share/hadoop/mapreduce/hadoop-mapreduce-client-hs-2.4.1.jar:/home/sandeep/tools/hadoop/2.4.1/share/hadoop/mapreduce/hadoop-mapreduce-examples-2.4.1.jar:/home/sandeep/tools/hadoop/2.4.1/share/hadoop/mapreduce/hadoop-mapreduce-client-app-2.4.1.jar:/home/sandeep/tools/hadoop/2.4.1/share/hadoop/mapreduce/hadoop-mapreduce-client-core-2.4.1.jar:/home/sandeep/tools/hadoop/2.4.1/share/hadoop/mapreduce/hadoop-mapreduce-client-hs-plugins-2.4.1.jar:/home/sandeep/tools/hadoop/2.4.1/share/hadoop/mapreduce/hadoop-mapreduce-client-jobclient-2.4.1.jar:/home/sandeep/tools/hadoop/2.4.1/share/hadoop/mapreduce/hadoop-mapreduce-client-common-2.4.1.jar:/usr/lib/jvm/java-7-openjdk-amd64/lib/tools.jar:/home/sandeep/projects/big_data/tez_binaries/tez-api-0.4.0-incubating.jar:/home/sandeep/projects/big_data/tez_binaries/tez-common-0.4.0-incubating.jar:/home/sandeep/projects/big_data/tez_binaries/tez-dag-0.4.0-incubating.jar:/home/sandeep/projects/big_data/tez_binaries/tez-mapreduce-0.4.0-incubating.jar:/home/sandeep/projects/big_data/tez_binaries/tez-mapreduce-examples-0.4.0-incubating.jar:/home/sandeep/projects/big_data/tez_binaries/tez-runtime-internals-0.4.0-incubating.jar:/home/sandeep/projects/big_data/tez_binaries/tez-runtime-library-0.4.0-incubating.jar:/home/sandeep/projects/big_data/tez_binaries/tez-tests-0.4.0-incubating.jar:/home/sandeep/projects/big_data/tez_binaries/lib/avro-1.7.4.jar:/home/sandeep/projects/big_data/tez_binaries/lib/commons-cli-1.2.jar:/home/sandeep/projects/big_data/tez_binaries/lib/commons-collections4-4.0.jar:/home/sandeep/projects/big_data/tez_binaries/lib/guava-11.0.2.jar:/home/sandeep/projects/big_data/tez_binaries/lib/guice-3.0.jar:/home/sandeep/projects/big_data/tez_binaries/lib/hadoop-mapreduce-client-common-2.4.1.jar:/home/sandeep/projects/big_data/tez_binaries/lib/hadoop-mapreduce-client-core-2.4.1.jar:/home/sandeep/projects/big_data/tez_binaries/lib/hadoop-mapreduce-client-shuffle-2.4.1.jar:/home/sandeep/projects/big_data/tez_binaries/lib/jettison-1.3.4.jar:/home/sandeep/projects/big_data/tez_binaries/lib/protobuf-java-2.5.0.jar:/home/sandeep/projects/big_data/tez_binaries/lib/snappy-java-1.0.4.1.jar:/home/sandeep/tools/hadoop/2.4.1/contrib/capacity-scheduler/*.jar
STARTUP_MSG:   build = http://svn.apache.org/repos/asf/hadoop/common -r 1604318; compiled by 'jenkins' on 2014-06-21T05:43Z
STARTUP_MSG:   java = 1.7.0_65
************************************************************/
15/01/20 18:28:45 INFO namenode.NameNode: registered UNIX signal handlers for [TERM, HUP, INT]
15/01/20 18:28:45 INFO namenode.NameNode: createNameNode [-format]
15/01/20 18:28:47 WARN util.NativeCodeLoader: Unable to load native-hadoop library for your platform... using builtin-java classes where applicable
Formatting using clusterid: CID-8ea46eeb-da45-4a6b-97c7-14c5bbef8fbd
15/01/20 18:28:48 INFO namenode.FSNamesystem: fsLock is fair:true
15/01/20 18:28:48 INFO namenode.HostFileManager: read includes:
HostSet(
)
15/01/20 18:28:48 INFO namenode.HostFileManager: read excludes:
HostSet(
)
15/01/20 18:28:48 INFO blockmanagement.DatanodeManager: dfs.block.invalidate.limit=1000
15/01/20 18:28:48 INFO blockmanagement.DatanodeManager: dfs.namenode.datanode.registration.ip-hostname-check=true
15/01/20 18:28:48 INFO util.GSet: Computing capacity for map BlocksMap
15/01/20 18:28:48 INFO util.GSet: VM type       = 64-bit
15/01/20 18:28:48 INFO util.GSet: 2.0% max memory 889 MB = 17.8 MB
15/01/20 18:28:48 INFO util.GSet: capacity      = 2^21 = 2097152 entries
15/01/20 18:28:48 INFO blockmanagement.BlockManager: dfs.block.access.token.enable=false
15/01/20 18:28:48 INFO blockmanagement.BlockManager: defaultReplication         = 1
15/01/20 18:28:48 INFO blockmanagement.BlockManager: maxReplication             = 512
15/01/20 18:28:48 INFO blockmanagement.BlockManager: minReplication             = 1
15/01/20 18:28:48 INFO blockmanagement.BlockManager: maxReplicationStreams      = 2
15/01/20 18:28:48 INFO blockmanagement.BlockManager: shouldCheckForEnoughRacks  = false
15/01/20 18:28:48 INFO blockmanagement.BlockManager: replicationRecheckInterval = 3000
15/01/20 18:28:48 INFO blockmanagement.BlockManager: encryptDataTransfer        = false
15/01/20 18:28:48 INFO blockmanagement.BlockManager: maxNumBlocksToLog          = 1000
15/01/20 18:28:48 INFO namenode.FSNamesystem: fsOwner             = root (auth:SIMPLE)
15/01/20 18:28:48 INFO namenode.FSNamesystem: supergroup          = supergroup
15/01/20 18:28:48 INFO namenode.FSNamesystem: isPermissionEnabled = true
15/01/20 18:28:48 INFO namenode.FSNamesystem: HA Enabled: false
15/01/20 18:28:48 INFO namenode.FSNamesystem: Append Enabled: true
15/01/20 18:28:48 INFO util.GSet: Computing capacity for map INodeMap
15/01/20 18:28:48 INFO util.GSet: VM type       = 64-bit
15/01/20 18:28:48 INFO util.GSet: 1.0% max memory 889 MB = 8.9 MB
15/01/20 18:28:48 INFO util.GSet: capacity      = 2^20 = 1048576 entries
15/01/20 18:28:48 INFO namenode.NameNode: Caching file names occuring more than 10 times
15/01/20 18:28:48 INFO util.GSet: Computing capacity for map cachedBlocks
15/01/20 18:28:48 INFO util.GSet: VM type       = 64-bit
15/01/20 18:28:48 INFO util.GSet: 0.25% max memory 889 MB = 2.2 MB
15/01/20 18:28:48 INFO util.GSet: capacity      = 2^18 = 262144 entries
15/01/20 18:28:48 INFO namenode.FSNamesystem: dfs.namenode.safemode.threshold-pct = 0.9990000128746033
15/01/20 18:28:48 INFO namenode.FSNamesystem: dfs.namenode.safemode.min.datanodes = 0
15/01/20 18:28:48 INFO namenode.FSNamesystem: dfs.namenode.safemode.extension     = 30000
15/01/20 18:28:48 INFO namenode.FSNamesystem: Retry cache on namenode is enabled
15/01/20 18:28:48 INFO namenode.FSNamesystem: Retry cache will use 0.03 of total heap and retry cache entry expiry time is 600000 millis
15/01/20 18:28:48 INFO util.GSet: Computing capacity for map NameNodeRetryCache
15/01/20 18:28:48 INFO util.GSet: VM type       = 64-bit
15/01/20 18:28:48 INFO util.GSet: 0.029999999329447746% max memory 889 MB = 273.1 KB
15/01/20 18:28:48 INFO util.GSet: capacity      = 2^15 = 32768 entries
15/01/20 18:28:48 INFO namenode.AclConfigFlag: ACLs enabled? false
15/01/20 18:28:48 INFO namenode.FSImage: Allocated new BlockPoolId: BP-1693943442-127.0.1.1-1421796528359
15/01/20 18:28:48 INFO common.Storage: Storage directory /home/sandeep/tools/hadoop/data/hdfs/namenode has been successfully formatted.
15/01/20 18:28:48 INFO namenode.NNStorageRetentionManager: Going to retain 1 images with txid >= 0
15/01/20 18:28:48 INFO util.ExitUtil: Exiting with status 0
15/01/20 18:28:48 INFO namenode.NameNode: SHUTDOWN_MSG: 
/************************************************************
SHUTDOWN_MSG: Shutting down NameNode at sandeep-Latitude-6430U/127.0.1.1
************************************************************/
###############
# Start HDFS processes
###############
starting namenode, logging to /home/sandeep/tools/hadoop/2.4.1/logs/hadoop-sandeep-namenode-sandeep-Latitude-6430U.out
17634 Main
18270 Jps
21738 DavGateway
17729 RemoteMavenServer
18199 NameNode
starting datanode, logging to /home/sandeep/tools/hadoop/2.4.1/logs/hadoop-sandeep-datanode-sandeep-Latitude-6430U.out
17634 Main
18305 DataNode
18342 Jps
21738 DavGateway
17729 RemoteMavenServer
18199 NameNode
starting resourcemanager, logging to /home/sandeep/tools/hadoop/2.4.1/logs/yarn-sandeep-resourcemanager-sandeep-Latitude-6430U.out
17634 Main
18305 DataNode
21738 DavGateway
18383 ResourceManager
17729 RemoteMavenServer
18199 NameNode
18411 Jps
starting nodemanager, logging to /home/sandeep/tools/hadoop/2.4.1/logs/yarn-sandeep-nodemanager-sandeep-Latitude-6430U.out
17634 Main
18305 DataNode
21738 DavGateway
18383 ResourceManager
18461 NodeManager
17729 RemoteMavenServer
18492 Jps
18199 NameNode
starting historyserver, logging to /home/sandeep/tools/hadoop/2.4.1/logs/mapred-sandeep-historyserver-sandeep-Latitude-6430U.out
17634 Main
18305 DataNode
21738 DavGateway
18383 ResourceManager
18461 NodeManager
18555 JobHistoryServer
18582 Jps
17729 RemoteMavenServer
18199 NameNode
###############
# Setup Tez
###############
15/01/20 18:29:41 WARN util.NativeCodeLoader: Unable to load native-hadoop library for your platform... using builtin-java classes where applicable
rm: `/apps/tez-0.4.0': No such file or directory
15/01/20 18:29:58 WARN util.NativeCodeLoader: Unable to load native-hadoop library for your platform... using builtin-java classes where applicable
rm: `/apps': No such file or directory
15/01/20 18:30:07 WARN util.NativeCodeLoader: Unable to load native-hadoop library for your platform... using builtin-java classes where applicable
15/01/20 18:30:15 WARN util.NativeCodeLoader: Unable to load native-hadoop library for your platform... using builtin-java classes where applicable
15/01/20 18:30:18 WARN util.NativeCodeLoader: Unable to load native-hadoop library for your platform... using builtin-java classes where applicable
rm: `/user/root': No such file or directory
15/01/20 18:30:23 WARN util.NativeCodeLoader: Unable to load native-hadoop library for your platform... using builtin-java classes where applicable
rm: `/user': No such file or directory
15/01/20 18:30:31 WARN util.NativeCodeLoader: Unable to load native-hadoop library for your platform... using builtin-java classes where applicable
15/01/20 18:30:39 WARN util.NativeCodeLoader: Unable to load native-hadoop library for your platform... using builtin-java classes where applicable
15/01/20 18:30:48 WARN util.NativeCodeLoader: Unable to load native-hadoop library for your platform... using builtin-java classes where applicable
15/01/20 18:30:55 WARN util.NativeCodeLoader: Unable to load native-hadoop library for your platform... using builtin-java classes where applicable
15/01/20 18:31:07 WARN util.NativeCodeLoader: Unable to load native-hadoop library for your platform... using builtin-java classes where applicable
15/01/20 18:31:18 WARN util.NativeCodeLoader: Unable to load native-hadoop library for your platform... using builtin-java classes where applicable
