###############
Setup
###############
########################
# Stop the processes
########################

Logging initialized using configuration in jar:file:/home/sandeep/tools/hive/0.13.1/lib/hive-common-0.13.1.jar!/hive-log4j.properties
drop table if exists page_view
OK
Time taken: 8.481 seconds

drop table if exists apachelog
OK
Time taken: 0.628 seconds

drop table if exists apachelog_text
OK
Time taken: 0.462 seconds

drop table if exists apachelog_orc
OK
Time taken: 0.501 seconds

drop table if exists strange_string
OK
Time taken: 0.408 seconds

drop table if exists india_pow_gen
OK
Time taken: 0.341 seconds

drop table if exists edges
OK
Time taken: 0.108 seconds


DROP FUNCTION IF EXISTS rowWithHeader
OK
Time taken: 0.364 seconds

DROP FUNCTION IF EXISTS components
OK
Time taken: 0.007 seconds
stopping namenode
stopping datanode
stopping resourcemanager
stopping nodemanager
nodemanager did not stop gracefully after 5 seconds: killing with kill -9
stopping historyserver
